==21773== Memcheck, a memory error detector
==21773== Copyright (C) 2002-2017, and GNU GPL'd, by Julian Seward et al.
==21773== Using Valgrind-3.13.0 and LibVEX; rerun with -h for copyright info
==21773== Command: ./simplesh
==21773== 
--21773-- Valgrind options:
--21773--    --leak-check=full
--21773--    --show-leak-kinds=all
--21773--    --suppressions=libreadline.supp
--21773--    --trace-children=no
--21773--    --child-silent-after-fork=yes
--21773--    -v
--21773-- Contents of /proc/version:
--21773--   Linux version 4.15.0-36-generic (buildd@lgw01-amd64-031) (gcc version 7.3.0 (Ubuntu 7.3.0-16ubuntu3)) #39-Ubuntu SMP Mon Sep 24 16:19:09 UTC 2018
--21773-- 
--21773-- Arch and hwcaps: AMD64, LittleEndian, amd64-cx16-rdtscp-sse3-avx
--21773-- Page sizes: currently 4096, max supported 4096
--21773-- Valgrind library directory: /usr/lib/valgrind
--21773-- Reading syms from /home/mtmoreno/ASO/simplesh/comando src/simplesh
--21773-- Reading syms from /lib/x86_64-linux-gnu/ld-2.27.so
--21773--   Considering /lib/x86_64-linux-gnu/ld-2.27.so ..
--21773--   .. CRC mismatch (computed 1b7c895e wanted 2943108a)
--21773--   Considering /usr/lib/debug/lib/x86_64-linux-gnu/ld-2.27.so ..
--21773--   .. CRC is valid
--21773-- Reading syms from /usr/lib/valgrind/memcheck-amd64-linux
--21773--   Considering /usr/lib/valgrind/memcheck-amd64-linux ..
--21773--   .. CRC mismatch (computed 62965bbf wanted eeb84137)
--21773--    object doesn't have a symbol table
--21773--    object doesn't have a dynamic symbol table
--21773-- Scheduler: using generic scheduler lock implementation.
--21773-- Reading suppressions file: libreadline.supp
--21773-- Reading suppressions file: /usr/lib/valgrind/default.supp
==21773== embedded gdbserver: reading from /tmp/vgdb-pipe-from-vgdb-to-21773-by-mtmoreno-on-???
==21773== embedded gdbserver: writing to   /tmp/vgdb-pipe-to-vgdb-from-21773-by-mtmoreno-on-???
==21773== embedded gdbserver: shared mem   /tmp/vgdb-pipe-shared-mem-vgdb-21773-by-mtmoreno-on-???
==21773== 
==21773== TO CONTROL THIS PROCESS USING vgdb (which you probably
==21773== don't want to do, unless you know exactly what you're doing,
==21773== or are doing some strange experiment):
==21773==   /usr/lib/valgrind/../../bin/vgdb --pid=21773 ...command...
==21773== 
==21773== TO DEBUG THIS PROCESS USING GDB: start GDB like this
==21773==   /path/to/gdb ./simplesh
==21773== and then give GDB the following command
==21773==   target remote | /usr/lib/valgrind/../../bin/vgdb --pid=21773
==21773== --pid is optional if only one valgrind process is running
==21773== 
--21773-- REDIR: 0x401f2f0 (ld-linux-x86-64.so.2:strlen) redirected to 0x58060901 (???)
--21773-- REDIR: 0x401f0d0 (ld-linux-x86-64.so.2:index) redirected to 0x5806091b (???)
--21773-- Reading syms from /usr/lib/valgrind/vgpreload_core-amd64-linux.so
--21773--   Considering /usr/lib/valgrind/vgpreload_core-amd64-linux.so ..
--21773--   .. CRC mismatch (computed 13d5e98a wanted 1786ecf1)
--21773--    object doesn't have a symbol table
--21773-- Reading syms from /usr/lib/valgrind/vgpreload_memcheck-amd64-linux.so
--21773--   Considering /usr/lib/valgrind/vgpreload_memcheck-amd64-linux.so ..
--21773--   .. CRC mismatch (computed 8f77ef36 wanted fcbde737)
--21773--    object doesn't have a symbol table
==21773== WARNING: new redirection conflicts with existing -- ignoring it
--21773--     old: 0x0401f2f0 (strlen              ) R-> (0000.0) 0x58060901 ???
--21773--     new: 0x0401f2f0 (strlen              ) R-> (2007.0) 0x04c32db0 strlen
--21773-- REDIR: 0x401d360 (ld-linux-x86-64.so.2:strcmp) redirected to 0x4c33ee0 (strcmp)
--21773-- REDIR: 0x401f830 (ld-linux-x86-64.so.2:mempcpy) redirected to 0x4c374f0 (mempcpy)
--21773-- Reading syms from /lib/x86_64-linux-gnu/libreadline.so.7.0
--21773--    object doesn't have a symbol table
--21773-- Reading syms from /lib/x86_64-linux-gnu/libc-2.27.so
--21773--   Considering /lib/x86_64-linux-gnu/libc-2.27.so ..
--21773--   .. CRC mismatch (computed b1c74187 wanted 042cc048)
--21773--   Considering /usr/lib/debug/lib/x86_64-linux-gnu/libc-2.27.so ..
--21773--   .. CRC is valid
--21773-- Reading syms from /lib/x86_64-linux-gnu/libtinfo.so.5.9
--21773--    object doesn't have a symbol table
--21773-- REDIR: 0x5123c70 (libc.so.6:memmove) redirected to 0x4a2a6e0 (_vgnU_ifunc_wrapper)
--21773-- REDIR: 0x5122d40 (libc.so.6:strncpy) redirected to 0x4a2a6e0 (_vgnU_ifunc_wrapper)
--21773-- REDIR: 0x5123f50 (libc.so.6:strcasecmp) redirected to 0x4a2a6e0 (_vgnU_ifunc_wrapper)
--21773-- REDIR: 0x5122790 (libc.so.6:strcat) redirected to 0x4a2a6e0 (_vgnU_ifunc_wrapper)
--21773-- REDIR: 0x5122d70 (libc.so.6:rindex) redirected to 0x4a2a6e0 (_vgnU_ifunc_wrapper)
--21773-- REDIR: 0x51257c0 (libc.so.6:rawmemchr) redirected to 0x4a2a6e0 (_vgnU_ifunc_wrapper)
--21773-- REDIR: 0x5123de0 (libc.so.6:mempcpy) redirected to 0x4a2a6e0 (_vgnU_ifunc_wrapper)
--21773-- REDIR: 0x5123c10 (libc.so.6:bcmp) redirected to 0x4a2a6e0 (_vgnU_ifunc_wrapper)
--21773-- REDIR: 0x5122d00 (libc.so.6:strncmp) redirected to 0x4a2a6e0 (_vgnU_ifunc_wrapper)
--21773-- REDIR: 0x5122800 (libc.so.6:strcmp) redirected to 0x4a2a6e0 (_vgnU_ifunc_wrapper)
--21773-- REDIR: 0x5123d40 (libc.so.6:memset) redirected to 0x4a2a6e0 (_vgnU_ifunc_wrapper)
--21773-- REDIR: 0x51410f0 (libc.so.6:wcschr) redirected to 0x4a2a6e0 (_vgnU_ifunc_wrapper)
--21773-- REDIR: 0x5122ca0 (libc.so.6:strnlen) redirected to 0x4a2a6e0 (_vgnU_ifunc_wrapper)
--21773-- REDIR: 0x5122870 (libc.so.6:strcspn) redirected to 0x4a2a6e0 (_vgnU_ifunc_wrapper)
--21773-- REDIR: 0x5123fa0 (libc.so.6:strncasecmp) redirected to 0x4a2a6e0 (_vgnU_ifunc_wrapper)
--21773-- REDIR: 0x5122840 (libc.so.6:strcpy) redirected to 0x4a2a6e0 (_vgnU_ifunc_wrapper)
--21773-- REDIR: 0x51240e0 (libc.so.6:memcpy@@GLIBC_2.14) redirected to 0x4a2a6e0 (_vgnU_ifunc_wrapper)
--21773-- REDIR: 0x5122da0 (libc.so.6:strpbrk) redirected to 0x4a2a6e0 (_vgnU_ifunc_wrapper)
--21773-- REDIR: 0x51227c0 (libc.so.6:index) redirected to 0x4a2a6e0 (_vgnU_ifunc_wrapper)
--21773-- REDIR: 0x5122c70 (libc.so.6:strlen) redirected to 0x4a2a6e0 (_vgnU_ifunc_wrapper)
--21773-- REDIR: 0x512d6c0 (libc.so.6:memrchr) redirected to 0x4a2a6e0 (_vgnU_ifunc_wrapper)
--21773-- REDIR: 0x5123ff0 (libc.so.6:strcasecmp_l) redirected to 0x4a2a6e0 (_vgnU_ifunc_wrapper)
--21773-- REDIR: 0x5123be0 (libc.so.6:memchr) redirected to 0x4a2a6e0 (_vgnU_ifunc_wrapper)
--21773-- REDIR: 0x5141eb0 (libc.so.6:wcslen) redirected to 0x4a2a6e0 (_vgnU_ifunc_wrapper)
--21773-- REDIR: 0x5123050 (libc.so.6:strspn) redirected to 0x4a2a6e0 (_vgnU_ifunc_wrapper)
--21773-- REDIR: 0x5123f20 (libc.so.6:stpncpy) redirected to 0x4a2a6e0 (_vgnU_ifunc_wrapper)
--21773-- REDIR: 0x5123ef0 (libc.so.6:stpcpy) redirected to 0x4a2a6e0 (_vgnU_ifunc_wrapper)
--21773-- REDIR: 0x51257f0 (libc.so.6:strchrnul) redirected to 0x4a2a6e0 (_vgnU_ifunc_wrapper)
--21773-- REDIR: 0x5124040 (libc.so.6:strncasecmp_l) redirected to 0x4a2a6e0 (_vgnU_ifunc_wrapper)
--21773-- REDIR: 0x5122cd0 (libc.so.6:strncat) redirected to 0x4a2a6e0 (_vgnU_ifunc_wrapper)
--21773-- REDIR: 0x51b68a0 (libc.so.6:__memcpy_chk) redirected to 0x4a2a6e0 (_vgnU_ifunc_wrapper)
--21773-- REDIR: 0x5123b20 (libc.so.6:strstr) redirected to 0x4a2a6e0 (_vgnU_ifunc_wrapper)
--21773-- REDIR: 0x5136330 (libc.so.6:__strrchr_sse2) redirected to 0x4c32790 (__strrchr_sse2)
--21773-- REDIR: 0x5140870 (libc.so.6:__memset_sse2_unaligned) redirected to 0x4c365d0 (memset)
--21773-- REDIR: 0x5136620 (libc.so.6:__strlen_sse2) redirected to 0x4c32d30 (__strlen_sse2)
--21773-- REDIR: 0x50c7cb0 (libc.so.6:unsetenv) redirected to 0x4c37d40 (unsetenv)
--21773-- REDIR: 0x5135f00 (libc.so.6:__strchr_sse2) redirected to 0x4c328d0 (__strchr_sse2)
--21773-- REDIR: 0x520a510 (libc.so.6:__strncmp_sse42) redirected to 0x4c33570 (__strncmp_sse42)
--21773-- REDIR: 0x511c070 (libc.so.6:malloc) redirected to 0x4c2faa0 (malloc)
--21773-- REDIR: 0x5123590 (libc.so.6:__GI_strstr) redirected to 0x4c37760 (__strstr_sse2)
--21773-- REDIR: 0x5130970 (libc.so.6:__memchr_sse2) redirected to 0x4c33f80 (memchr)
--21773-- REDIR: 0x5140460 (libc.so.6:memcpy@GLIBC_2.2.5) redirected to 0x4c34060 (memcpy@GLIBC_2.2.5)
--21773-- REDIR: 0x5136120 (libc.so.6:__strchrnul_sse2) redirected to 0x4c37020 (strchrnul)
--21773-- REDIR: 0x5140440 (libc.so.6:__mempcpy_sse2_unaligned) redirected to 0x4c37130 (mempcpy)
--21773-- REDIR: 0x52115f0 (libc.so.6:__strncasecmp_avx) redirected to 0x4c336d0 (strncasecmp)
--21773-- REDIR: 0x511c950 (libc.so.6:free) redirected to 0x4c30cd0 (free)
--21773-- REDIR: 0x512ee70 (libc.so.6:__strcmp_sse2_unaligned) redirected to 0x4c33da0 (strcmp)
--21773-- REDIR: 0x513cb50 (libc.so.6:__stpcpy_sse2_unaligned) redirected to 0x4c36200 (__stpcpy_sse2_unaligned)
--21773-- REDIR: 0x511f030 (libc.so.6:calloc) redirected to 0x4c31a70 (calloc)
--21773-- Reading syms from /lib/x86_64-linux-gnu/libnss_compat-2.27.so
--21773--   Considering /lib/x86_64-linux-gnu/libnss_compat-2.27.so ..
--21773--   .. CRC mismatch (computed afe25112 wanted 3a92b55b)
--21773--   Considering /usr/lib/debug/lib/x86_64-linux-gnu/libnss_compat-2.27.so ..
--21773--   .. CRC is valid
--21773-- REDIR: 0x513b540 (libc.so.6:__strcpy_sse2_unaligned) redirected to 0x4c32dd0 (strcpy)
--21773-- Reading syms from /lib/x86_64-linux-gnu/libnss_nis-2.27.so
--21773--   Considering /lib/x86_64-linux-gnu/libnss_nis-2.27.so ..
--21773--   .. CRC mismatch (computed 310534dc wanted 22d60ee8)
--21773--   Considering /usr/lib/debug/lib/x86_64-linux-gnu/libnss_nis-2.27.so ..
--21773--   .. CRC is valid
--21773-- Reading syms from /lib/x86_64-linux-gnu/libnsl-2.27.so
--21773--   Considering /lib/x86_64-linux-gnu/libnsl-2.27.so ..
--21773--   .. CRC mismatch (computed 5dfb2e24 wanted a9b787f5)
--21773--   Considering /usr/lib/debug/lib/x86_64-linux-gnu/libnsl-2.27.so ..
--21773--   .. CRC is valid
--21773-- Reading syms from /lib/x86_64-linux-gnu/libnss_files-2.27.so
--21773--   Considering /lib/x86_64-linux-gnu/libnss_files-2.27.so ..
--21773--   .. CRC mismatch (computed 5cdb0f74 wanted 1b4e69e7)
--21773--   Considering /usr/lib/debug/lib/x86_64-linux-gnu/libnss_files-2.27.so ..
--21773--   .. CRC is valid
--21773-- REDIR: 0x51367c0 (libc.so.6:__strnlen_sse2) redirected to 0x4c32c90 (strnlen)
--21773-- REDIR: 0x5140450 (libc.so.6:__memcpy_chk_sse2_unaligned) redirected to 0x4c375e0 (__memcpy_chk)
--21773-- REDIR: 0x511dc30 (libc.so.6:realloc) redirected to 0x4c31cb0 (realloc)
--21773-- REDIR: 0x513bb70 (libc.so.6:__strncpy_sse2_unaligned) redirected to 0x4c332e0 (__strncpy_sse2_unaligned)
--21773-- REDIR: 0x50c7c50 (libc.so.6:setenv) redirected to 0x4c37de0 (setenv)
--21773-- REDIR: 0x520ff80 (libc.so.6:__strcasecmp_avx) redirected to 0x4c335f0 (strcasecmp)
--21773-- REDIR: 0x5214fc0 (libc.so.6:__memcmp_sse4_1) redirected to 0x4c35d50 (__memcmp_sse4_1)
--21773-- REDIR: 0x520f300 (libc.so.6:__strspn_sse42) redirected to 0x4c37990 (strspn)
--21773-- REDIR: 0x520f070 (libc.so.6:__strcspn_sse42) redirected to 0x4c378d0 (strcspn)
==21773== 
==21773== Process terminating with default action of signal 1 (SIGHUP)
==21773==    at 0x5194C8C: open (open64.c:47)
==21773==    by 0x5111589: _IO_file_open (fileops.c:189)
==21773==    by 0x5111589: _IO_file_fopen@@GLIBC_2.2.5 (fileops.c:281)
==21773==    by 0x5103EA9: __fopen_internal (iofopen.c:78)
==21773==    by 0x5103EA9: fopen@@GLIBC_2.2.5 (iofopen.c:89)
==21773==    by 0x5AA2FF5: internal_setpwent (compat-pwd.c:224)
==21773==    by 0x5AA45D5: _nss_compat_getpwuid_r (compat-pwd.c:1059)
==21773==    by 0x5168D34: getpwuid_r@@GLIBC_2.2.5 (getXXbyYY_r.c:315)
==21773==    by 0x5168497: getpwuid (getXXbyYY.c:135)
==21773==    by 0x10CAD7: get_cmd (simplesh.c:1559)
==21773==    by 0x10D0AF: main (simplesh.c:1715)
--21773-- Discarding syms at 0x5aa12a0-0x5aa71c4 in /lib/x86_64-linux-gnu/libnss_compat-2.27.so due to munmap()
--21773-- Discarding syms at 0x5cac070-0x5cb30d9 in /lib/x86_64-linux-gnu/libnss_nis-2.27.so due to munmap()
--21773-- Discarding syms at 0x5eba090-0x5ec7807 in /lib/x86_64-linux-gnu/libnsl-2.27.so due to munmap()
--21773-- Discarding syms at 0x60d2350-0x60d8d7f in /lib/x86_64-linux-gnu/libnss_files-2.27.so due to munmap()
==21773== 
==21773== HEAP SUMMARY:
==21773==     in use at exit: 134,915 bytes in 196 blocks
==21773==   total heap usage: 387 allocs, 191 frees, 173,188 bytes allocated
==21773== 
==21773== Searching for pointers to 196 not-freed blocks
==21773== Checked 170,824 bytes
==21773== 
==21773== 552 bytes in 1 blocks are still reachable in loss record 22 of 46
==21773==    at 0x4C2FB0F: malloc (in /usr/lib/valgrind/vgpreload_memcheck-amd64-linux.so)
==21773==    by 0x5103E49: __fopen_internal (iofopen.c:65)
==21773==    by 0x5103E49: fopen@@GLIBC_2.2.5 (iofopen.c:89)
==21773==    by 0x5AA2FF5: ???
==21773==    by 0x5AA45D5: ???
==21773==    by 0x5168D34: getpwuid_r@@GLIBC_2.2.5 (getXXbyYY_r.c:315)
==21773==    by 0x5168497: getpwuid (getXXbyYY.c:135)
==21773==    by 0x10CAD7: get_cmd (simplesh.c:1559)
==21773==    by 0x10D0AF: main (simplesh.c:1715)
==21773== 
==21773== LEAK SUMMARY:
==21773==    definitely lost: 0 bytes in 0 blocks
==21773==    indirectly lost: 0 bytes in 0 blocks
==21773==      possibly lost: 0 bytes in 0 blocks
==21773==    still reachable: 552 bytes in 1 blocks
==21773==         suppressed: 134,363 bytes in 195 blocks
==21773== 
==21773== ERROR SUMMARY: 0 errors from 0 contexts (suppressed: 0 from 0)
--21773-- 
--21773-- used_suppression:     45 libreadline libreadline.supp:2 suppressed: 134,363 bytes in 195 blocks
==21773== 
==21773== ERROR SUMMARY: 0 errors from 0 contexts (suppressed: 0 from 0)
