==20524== Memcheck, a memory error detector
==20524== Copyright (C) 2002-2017, and GNU GPL'd, by Julian Seward et al.
==20524== Using Valgrind-3.13.0 and LibVEX; rerun with -h for copyright info
==20524== Command: ./simplesh
==20524== 
--20524-- Valgrind options:
--20524--    --leak-check=full
--20524--    --show-leak-kinds=all
--20524--    --suppressions=libreadline.supp
--20524--    --trace-children=no
--20524--    --child-silent-after-fork=yes
--20524--    -v
--20524-- Contents of /proc/version:
--20524--   Linux version 4.15.0-36-generic (buildd@lgw01-amd64-031) (gcc version 7.3.0 (Ubuntu 7.3.0-16ubuntu3)) #39-Ubuntu SMP Mon Sep 24 16:19:09 UTC 2018
--20524-- 
--20524-- Arch and hwcaps: AMD64, LittleEndian, amd64-cx16-rdtscp-sse3-avx
--20524-- Page sizes: currently 4096, max supported 4096
--20524-- Valgrind library directory: /usr/lib/valgrind
--20524-- Reading syms from /home/mtmoreno/ASO/simplesh/boletin2/simplesh
--20524-- Reading syms from /lib/x86_64-linux-gnu/ld-2.27.so
--20524--   Considering /lib/x86_64-linux-gnu/ld-2.27.so ..
--20524--   .. CRC mismatch (computed 1b7c895e wanted 2943108a)
--20524--   Considering /usr/lib/debug/lib/x86_64-linux-gnu/ld-2.27.so ..
--20524--   .. CRC is valid
--20524-- Reading syms from /usr/lib/valgrind/memcheck-amd64-linux
--20524--   Considering /usr/lib/valgrind/memcheck-amd64-linux ..
--20524--   .. CRC mismatch (computed 62965bbf wanted eeb84137)
--20524--    object doesn't have a symbol table
--20524--    object doesn't have a dynamic symbol table
--20524-- Scheduler: using generic scheduler lock implementation.
--20524-- Reading suppressions file: libreadline.supp
--20524-- Reading suppressions file: /usr/lib/valgrind/default.supp
==20524== embedded gdbserver: reading from /tmp/vgdb-pipe-from-vgdb-to-20524-by-mtmoreno-on-???
==20524== embedded gdbserver: writing to   /tmp/vgdb-pipe-to-vgdb-from-20524-by-mtmoreno-on-???
==20524== embedded gdbserver: shared mem   /tmp/vgdb-pipe-shared-mem-vgdb-20524-by-mtmoreno-on-???
==20524== 
==20524== TO CONTROL THIS PROCESS USING vgdb (which you probably
==20524== don't want to do, unless you know exactly what you're doing,
==20524== or are doing some strange experiment):
==20524==   /usr/lib/valgrind/../../bin/vgdb --pid=20524 ...command...
==20524== 
==20524== TO DEBUG THIS PROCESS USING GDB: start GDB like this
==20524==   /path/to/gdb ./simplesh
==20524== and then give GDB the following command
==20524==   target remote | /usr/lib/valgrind/../../bin/vgdb --pid=20524
==20524== --pid is optional if only one valgrind process is running
==20524== 
--20524-- REDIR: 0x401f2f0 (ld-linux-x86-64.so.2:strlen) redirected to 0x58060901 (???)
--20524-- REDIR: 0x401f0d0 (ld-linux-x86-64.so.2:index) redirected to 0x5806091b (???)
--20524-- Reading syms from /usr/lib/valgrind/vgpreload_core-amd64-linux.so
--20524--   Considering /usr/lib/valgrind/vgpreload_core-amd64-linux.so ..
--20524--   .. CRC mismatch (computed 13d5e98a wanted 1786ecf1)
--20524--    object doesn't have a symbol table
--20524-- Reading syms from /usr/lib/valgrind/vgpreload_memcheck-amd64-linux.so
--20524--   Considering /usr/lib/valgrind/vgpreload_memcheck-amd64-linux.so ..
--20524--   .. CRC mismatch (computed 8f77ef36 wanted fcbde737)
--20524--    object doesn't have a symbol table
==20524== WARNING: new redirection conflicts with existing -- ignoring it
--20524--     old: 0x0401f2f0 (strlen              ) R-> (0000.0) 0x58060901 ???
--20524--     new: 0x0401f2f0 (strlen              ) R-> (2007.0) 0x04c32db0 strlen
--20524-- REDIR: 0x401d360 (ld-linux-x86-64.so.2:strcmp) redirected to 0x4c33ee0 (strcmp)
--20524-- REDIR: 0x401f830 (ld-linux-x86-64.so.2:mempcpy) redirected to 0x4c374f0 (mempcpy)
--20524-- Reading syms from /lib/x86_64-linux-gnu/libreadline.so.7.0
--20524--    object doesn't have a symbol table
--20524-- Reading syms from /lib/x86_64-linux-gnu/libc-2.27.so
--20524--   Considering /lib/x86_64-linux-gnu/libc-2.27.so ..
--20524--   .. CRC mismatch (computed b1c74187 wanted 042cc048)
--20524--   Considering /usr/lib/debug/lib/x86_64-linux-gnu/libc-2.27.so ..
--20524--   .. CRC is valid
--20524-- Reading syms from /lib/x86_64-linux-gnu/libtinfo.so.5.9
--20524--    object doesn't have a symbol table
--20524-- REDIR: 0x5123c70 (libc.so.6:memmove) redirected to 0x4a2a6e0 (_vgnU_ifunc_wrapper)
--20524-- REDIR: 0x5122d40 (libc.so.6:strncpy) redirected to 0x4a2a6e0 (_vgnU_ifunc_wrapper)
--20524-- REDIR: 0x5123f50 (libc.so.6:strcasecmp) redirected to 0x4a2a6e0 (_vgnU_ifunc_wrapper)
--20524-- REDIR: 0x5122790 (libc.so.6:strcat) redirected to 0x4a2a6e0 (_vgnU_ifunc_wrapper)
--20524-- REDIR: 0x5122d70 (libc.so.6:rindex) redirected to 0x4a2a6e0 (_vgnU_ifunc_wrapper)
--20524-- REDIR: 0x51257c0 (libc.so.6:rawmemchr) redirected to 0x4a2a6e0 (_vgnU_ifunc_wrapper)
--20524-- REDIR: 0x5123de0 (libc.so.6:mempcpy) redirected to 0x4a2a6e0 (_vgnU_ifunc_wrapper)
--20524-- REDIR: 0x5123c10 (libc.so.6:bcmp) redirected to 0x4a2a6e0 (_vgnU_ifunc_wrapper)
--20524-- REDIR: 0x5122d00 (libc.so.6:strncmp) redirected to 0x4a2a6e0 (_vgnU_ifunc_wrapper)
--20524-- REDIR: 0x5122800 (libc.so.6:strcmp) redirected to 0x4a2a6e0 (_vgnU_ifunc_wrapper)
--20524-- REDIR: 0x5123d40 (libc.so.6:memset) redirected to 0x4a2a6e0 (_vgnU_ifunc_wrapper)
--20524-- REDIR: 0x51410f0 (libc.so.6:wcschr) redirected to 0x4a2a6e0 (_vgnU_ifunc_wrapper)
--20524-- REDIR: 0x5122ca0 (libc.so.6:strnlen) redirected to 0x4a2a6e0 (_vgnU_ifunc_wrapper)
--20524-- REDIR: 0x5122870 (libc.so.6:strcspn) redirected to 0x4a2a6e0 (_vgnU_ifunc_wrapper)
--20524-- REDIR: 0x5123fa0 (libc.so.6:strncasecmp) redirected to 0x4a2a6e0 (_vgnU_ifunc_wrapper)
--20524-- REDIR: 0x5122840 (libc.so.6:strcpy) redirected to 0x4a2a6e0 (_vgnU_ifunc_wrapper)
--20524-- REDIR: 0x51240e0 (libc.so.6:memcpy@@GLIBC_2.14) redirected to 0x4a2a6e0 (_vgnU_ifunc_wrapper)
--20524-- REDIR: 0x5122da0 (libc.so.6:strpbrk) redirected to 0x4a2a6e0 (_vgnU_ifunc_wrapper)
--20524-- REDIR: 0x51227c0 (libc.so.6:index) redirected to 0x4a2a6e0 (_vgnU_ifunc_wrapper)
--20524-- REDIR: 0x5122c70 (libc.so.6:strlen) redirected to 0x4a2a6e0 (_vgnU_ifunc_wrapper)
--20524-- REDIR: 0x512d6c0 (libc.so.6:memrchr) redirected to 0x4a2a6e0 (_vgnU_ifunc_wrapper)
--20524-- REDIR: 0x5123ff0 (libc.so.6:strcasecmp_l) redirected to 0x4a2a6e0 (_vgnU_ifunc_wrapper)
--20524-- REDIR: 0x5123be0 (libc.so.6:memchr) redirected to 0x4a2a6e0 (_vgnU_ifunc_wrapper)
--20524-- REDIR: 0x5141eb0 (libc.so.6:wcslen) redirected to 0x4a2a6e0 (_vgnU_ifunc_wrapper)
--20524-- REDIR: 0x5123050 (libc.so.6:strspn) redirected to 0x4a2a6e0 (_vgnU_ifunc_wrapper)
--20524-- REDIR: 0x5123f20 (libc.so.6:stpncpy) redirected to 0x4a2a6e0 (_vgnU_ifunc_wrapper)
--20524-- REDIR: 0x5123ef0 (libc.so.6:stpcpy) redirected to 0x4a2a6e0 (_vgnU_ifunc_wrapper)
--20524-- REDIR: 0x51257f0 (libc.so.6:strchrnul) redirected to 0x4a2a6e0 (_vgnU_ifunc_wrapper)
--20524-- REDIR: 0x5124040 (libc.so.6:strncasecmp_l) redirected to 0x4a2a6e0 (_vgnU_ifunc_wrapper)
--20524-- REDIR: 0x5122cd0 (libc.so.6:strncat) redirected to 0x4a2a6e0 (_vgnU_ifunc_wrapper)
--20524-- REDIR: 0x51b68a0 (libc.so.6:__memcpy_chk) redirected to 0x4a2a6e0 (_vgnU_ifunc_wrapper)
--20524-- REDIR: 0x5123b20 (libc.so.6:strstr) redirected to 0x4a2a6e0 (_vgnU_ifunc_wrapper)
--20524-- REDIR: 0x5136330 (libc.so.6:__strrchr_sse2) redirected to 0x4c32790 (__strrchr_sse2)
--20524-- REDIR: 0x5136620 (libc.so.6:__strlen_sse2) redirected to 0x4c32d30 (__strlen_sse2)
--20524-- REDIR: 0x511c070 (libc.so.6:malloc) redirected to 0x4c2faa0 (malloc)
--20524-- REDIR: 0x5123590 (libc.so.6:__GI_strstr) redirected to 0x4c37760 (__strstr_sse2)
--20524-- REDIR: 0x5130970 (libc.so.6:__memchr_sse2) redirected to 0x4c33f80 (memchr)
--20524-- REDIR: 0x5140460 (libc.so.6:memcpy@GLIBC_2.2.5) redirected to 0x4c34060 (memcpy@GLIBC_2.2.5)
--20524-- REDIR: 0x5136120 (libc.so.6:__strchrnul_sse2) redirected to 0x4c37020 (strchrnul)
--20524-- REDIR: 0x5140440 (libc.so.6:__mempcpy_sse2_unaligned) redirected to 0x4c37130 (mempcpy)
--20524-- REDIR: 0x52115f0 (libc.so.6:__strncasecmp_avx) redirected to 0x4c336d0 (strncasecmp)
--20524-- REDIR: 0x511c950 (libc.so.6:free) redirected to 0x4c30cd0 (free)
--20524-- REDIR: 0x512ee70 (libc.so.6:__strcmp_sse2_unaligned) redirected to 0x4c33da0 (strcmp)
--20524-- REDIR: 0x513cb50 (libc.so.6:__stpcpy_sse2_unaligned) redirected to 0x4c36200 (__stpcpy_sse2_unaligned)
--20524-- REDIR: 0x511f030 (libc.so.6:calloc) redirected to 0x4c31a70 (calloc)
--20524-- Reading syms from /lib/x86_64-linux-gnu/libnss_compat-2.27.so
--20524--   Considering /lib/x86_64-linux-gnu/libnss_compat-2.27.so ..
--20524--   .. CRC mismatch (computed afe25112 wanted 3a92b55b)
--20524--   Considering /usr/lib/debug/lib/x86_64-linux-gnu/libnss_compat-2.27.so ..
--20524--   .. CRC is valid
--20524-- REDIR: 0x513b540 (libc.so.6:__strcpy_sse2_unaligned) redirected to 0x4c32dd0 (strcpy)
--20524-- Reading syms from /lib/x86_64-linux-gnu/libnss_nis-2.27.so
--20524--   Considering /lib/x86_64-linux-gnu/libnss_nis-2.27.so ..
--20524--   .. CRC mismatch (computed 310534dc wanted 22d60ee8)
--20524--   Considering /usr/lib/debug/lib/x86_64-linux-gnu/libnss_nis-2.27.so ..
--20524--   .. CRC is valid
--20524-- Reading syms from /lib/x86_64-linux-gnu/libnsl-2.27.so
--20524--   Considering /lib/x86_64-linux-gnu/libnsl-2.27.so ..
--20524--   .. CRC mismatch (computed 5dfb2e24 wanted a9b787f5)
--20524--   Considering /usr/lib/debug/lib/x86_64-linux-gnu/libnsl-2.27.so ..
--20524--   .. CRC is valid
--20524-- Reading syms from /lib/x86_64-linux-gnu/libnss_files-2.27.so
--20524--   Considering /lib/x86_64-linux-gnu/libnss_files-2.27.so ..
--20524--   .. CRC mismatch (computed 5cdb0f74 wanted 1b4e69e7)
--20524--   Considering /usr/lib/debug/lib/x86_64-linux-gnu/libnss_files-2.27.so ..
--20524--   .. CRC is valid
--20524-- REDIR: 0x5135f00 (libc.so.6:__strchr_sse2) redirected to 0x4c328d0 (__strchr_sse2)
--20524-- REDIR: 0x520a510 (libc.so.6:__strncmp_sse42) redirected to 0x4c33570 (__strncmp_sse42)
--20524-- REDIR: 0x51367c0 (libc.so.6:__strnlen_sse2) redirected to 0x4c32c90 (strnlen)
--20524-- REDIR: 0x5140450 (libc.so.6:__memcpy_chk_sse2_unaligned) redirected to 0x4c375e0 (__memcpy_chk)
--20524-- REDIR: 0x511dc30 (libc.so.6:realloc) redirected to 0x4c31cb0 (realloc)
--20524-- REDIR: 0x513bb70 (libc.so.6:__strncpy_sse2_unaligned) redirected to 0x4c332e0 (__strncpy_sse2_unaligned)
--20524-- REDIR: 0x50c7c50 (libc.so.6:setenv) redirected to 0x4c37de0 (setenv)
--20524-- REDIR: 0x520ff80 (libc.so.6:__strcasecmp_avx) redirected to 0x4c335f0 (strcasecmp)
--20524-- REDIR: 0x5140870 (libc.so.6:__memset_sse2_unaligned) redirected to 0x4c365d0 (memset)
--20524-- REDIR: 0x5214fc0 (libc.so.6:__memcmp_sse4_1) redirected to 0x4c35d50 (__memcmp_sse4_1)
simplesh.c: no se encontró el comando 'cd'
--20524-- Discarding syms at 0x5aa12a0-0x5aa71c4 in /lib/x86_64-linux-gnu/libnss_compat-2.27.so due to munmap()
--20524-- Discarding syms at 0x5cac070-0x5cb30d9 in /lib/x86_64-linux-gnu/libnss_nis-2.27.so due to munmap()
--20524-- Discarding syms at 0x5eba090-0x5ec7807 in /lib/x86_64-linux-gnu/libnsl-2.27.so due to munmap()
--20524-- Discarding syms at 0x60d2350-0x60d8d7f in /lib/x86_64-linux-gnu/libnss_files-2.27.so due to munmap()
==20524== 
==20524== HEAP SUMMARY:
==20524==     in use at exit: 134,405 bytes in 199 blocks
==20524==   total heap usage: 410 allocs, 211 frees, 177,701 bytes allocated
==20524== 
==20524== Searching for pointers to 199 not-freed blocks
==20524== Checked 169,736 bytes
==20524== 
==20524== LEAK SUMMARY:
==20524==    definitely lost: 0 bytes in 0 blocks
==20524==    indirectly lost: 0 bytes in 0 blocks
==20524==      possibly lost: 0 bytes in 0 blocks
==20524==    still reachable: 0 bytes in 0 blocks
==20524==         suppressed: 134,405 bytes in 199 blocks
==20524== 
==20524== ERROR SUMMARY: 0 errors from 0 contexts (suppressed: 0 from 0)
--20524-- 
--20524-- used_suppression:     46 libreadline libreadline.supp:2 suppressed: 134,405 bytes in 199 blocks
==20524== 
==20524== ERROR SUMMARY: 0 errors from 0 contexts (suppressed: 0 from 0)
