==12351== Memcheck, a memory error detector
==12351== Copyright (C) 2002-2017, and GNU GPL'd, by Julian Seward et al.
==12351== Using Valgrind-3.13.0 and LibVEX; rerun with -h for copyright info
==12351== Command: ./simplesh
==12351== 
--12351-- Valgrind options:
--12351--    --leak-check=full
--12351--    --show-leak-kinds=all
--12351--    --suppressions=libreadline.supp
--12351--    --trace-children=no
--12351--    --child-silent-after-fork=yes
--12351--    -v
--12351-- Contents of /proc/version:
--12351--   Linux version 4.15.0-36-generic (buildd@lgw01-amd64-031) (gcc version 7.3.0 (Ubuntu 7.3.0-16ubuntu3)) #39-Ubuntu SMP Mon Sep 24 16:19:09 UTC 2018
--12351-- 
--12351-- Arch and hwcaps: AMD64, LittleEndian, amd64-cx16-rdtscp-sse3-avx
--12351-- Page sizes: currently 4096, max supported 4096
--12351-- Valgrind library directory: /usr/lib/valgrind
--12351-- Reading syms from /home/mtmoreno/ASO/simplesh/boletin5/simplesh
--12351-- Reading syms from /lib/x86_64-linux-gnu/ld-2.27.so
--12351--   Considering /lib/x86_64-linux-gnu/ld-2.27.so ..
--12351--   .. CRC mismatch (computed 1b7c895e wanted 2943108a)
--12351--   Considering /usr/lib/debug/lib/x86_64-linux-gnu/ld-2.27.so ..
--12351--   .. CRC is valid
--12351-- Reading syms from /usr/lib/valgrind/memcheck-amd64-linux
--12351--   Considering /usr/lib/valgrind/memcheck-amd64-linux ..
--12351--   .. CRC mismatch (computed 62965bbf wanted eeb84137)
--12351--    object doesn't have a symbol table
--12351--    object doesn't have a dynamic symbol table
--12351-- Scheduler: using generic scheduler lock implementation.
--12351-- Reading suppressions file: libreadline.supp
--12351-- Reading suppressions file: /usr/lib/valgrind/default.supp
==12351== embedded gdbserver: reading from /tmp/vgdb-pipe-from-vgdb-to-12351-by-mtmoreno-on-???
==12351== embedded gdbserver: writing to   /tmp/vgdb-pipe-to-vgdb-from-12351-by-mtmoreno-on-???
==12351== embedded gdbserver: shared mem   /tmp/vgdb-pipe-shared-mem-vgdb-12351-by-mtmoreno-on-???
==12351== 
==12351== TO CONTROL THIS PROCESS USING vgdb (which you probably
==12351== don't want to do, unless you know exactly what you're doing,
==12351== or are doing some strange experiment):
==12351==   /usr/lib/valgrind/../../bin/vgdb --pid=12351 ...command...
==12351== 
==12351== TO DEBUG THIS PROCESS USING GDB: start GDB like this
==12351==   /path/to/gdb ./simplesh
==12351== and then give GDB the following command
==12351==   target remote | /usr/lib/valgrind/../../bin/vgdb --pid=12351
==12351== --pid is optional if only one valgrind process is running
==12351== 
--12351-- REDIR: 0x401f2f0 (ld-linux-x86-64.so.2:strlen) redirected to 0x58060901 (???)
--12351-- REDIR: 0x401f0d0 (ld-linux-x86-64.so.2:index) redirected to 0x5806091b (???)
--12351-- Reading syms from /usr/lib/valgrind/vgpreload_core-amd64-linux.so
--12351--   Considering /usr/lib/valgrind/vgpreload_core-amd64-linux.so ..
--12351--   .. CRC mismatch (computed 13d5e98a wanted 1786ecf1)
--12351--    object doesn't have a symbol table
--12351-- Reading syms from /usr/lib/valgrind/vgpreload_memcheck-amd64-linux.so
--12351--   Considering /usr/lib/valgrind/vgpreload_memcheck-amd64-linux.so ..
--12351--   .. CRC mismatch (computed 8f77ef36 wanted fcbde737)
--12351--    object doesn't have a symbol table
==12351== WARNING: new redirection conflicts with existing -- ignoring it
--12351--     old: 0x0401f2f0 (strlen              ) R-> (0000.0) 0x58060901 ???
--12351--     new: 0x0401f2f0 (strlen              ) R-> (2007.0) 0x04c32db0 strlen
--12351-- REDIR: 0x401d360 (ld-linux-x86-64.so.2:strcmp) redirected to 0x4c33ee0 (strcmp)
--12351-- REDIR: 0x401f830 (ld-linux-x86-64.so.2:mempcpy) redirected to 0x4c374f0 (mempcpy)
--12351-- Reading syms from /lib/x86_64-linux-gnu/libreadline.so.7.0
--12351--    object doesn't have a symbol table
--12351-- Reading syms from /lib/x86_64-linux-gnu/libc-2.27.so
--12351--   Considering /lib/x86_64-linux-gnu/libc-2.27.so ..
--12351--   .. CRC mismatch (computed b1c74187 wanted 042cc048)
--12351--   Considering /usr/lib/debug/lib/x86_64-linux-gnu/libc-2.27.so ..
--12351--   .. CRC is valid
--12351-- Reading syms from /lib/x86_64-linux-gnu/libtinfo.so.5.9
--12351--    object doesn't have a symbol table
--12351-- REDIR: 0x5123c70 (libc.so.6:memmove) redirected to 0x4a2a6e0 (_vgnU_ifunc_wrapper)
--12351-- REDIR: 0x5122d40 (libc.so.6:strncpy) redirected to 0x4a2a6e0 (_vgnU_ifunc_wrapper)
--12351-- REDIR: 0x5123f50 (libc.so.6:strcasecmp) redirected to 0x4a2a6e0 (_vgnU_ifunc_wrapper)
--12351-- REDIR: 0x5122790 (libc.so.6:strcat) redirected to 0x4a2a6e0 (_vgnU_ifunc_wrapper)
--12351-- REDIR: 0x5122d70 (libc.so.6:rindex) redirected to 0x4a2a6e0 (_vgnU_ifunc_wrapper)
--12351-- REDIR: 0x51257c0 (libc.so.6:rawmemchr) redirected to 0x4a2a6e0 (_vgnU_ifunc_wrapper)
--12351-- REDIR: 0x5123de0 (libc.so.6:mempcpy) redirected to 0x4a2a6e0 (_vgnU_ifunc_wrapper)
--12351-- REDIR: 0x5123c10 (libc.so.6:bcmp) redirected to 0x4a2a6e0 (_vgnU_ifunc_wrapper)
--12351-- REDIR: 0x5122d00 (libc.so.6:strncmp) redirected to 0x4a2a6e0 (_vgnU_ifunc_wrapper)
--12351-- REDIR: 0x5122800 (libc.so.6:strcmp) redirected to 0x4a2a6e0 (_vgnU_ifunc_wrapper)
--12351-- REDIR: 0x5123d40 (libc.so.6:memset) redirected to 0x4a2a6e0 (_vgnU_ifunc_wrapper)
--12351-- REDIR: 0x51410f0 (libc.so.6:wcschr) redirected to 0x4a2a6e0 (_vgnU_ifunc_wrapper)
--12351-- REDIR: 0x5122ca0 (libc.so.6:strnlen) redirected to 0x4a2a6e0 (_vgnU_ifunc_wrapper)
--12351-- REDIR: 0x5122870 (libc.so.6:strcspn) redirected to 0x4a2a6e0 (_vgnU_ifunc_wrapper)
--12351-- REDIR: 0x5123fa0 (libc.so.6:strncasecmp) redirected to 0x4a2a6e0 (_vgnU_ifunc_wrapper)
--12351-- REDIR: 0x5122840 (libc.so.6:strcpy) redirected to 0x4a2a6e0 (_vgnU_ifunc_wrapper)
--12351-- REDIR: 0x51240e0 (libc.so.6:memcpy@@GLIBC_2.14) redirected to 0x4a2a6e0 (_vgnU_ifunc_wrapper)
--12351-- REDIR: 0x5122da0 (libc.so.6:strpbrk) redirected to 0x4a2a6e0 (_vgnU_ifunc_wrapper)
--12351-- REDIR: 0x51227c0 (libc.so.6:index) redirected to 0x4a2a6e0 (_vgnU_ifunc_wrapper)
--12351-- REDIR: 0x5122c70 (libc.so.6:strlen) redirected to 0x4a2a6e0 (_vgnU_ifunc_wrapper)
--12351-- REDIR: 0x512d6c0 (libc.so.6:memrchr) redirected to 0x4a2a6e0 (_vgnU_ifunc_wrapper)
--12351-- REDIR: 0x5123ff0 (libc.so.6:strcasecmp_l) redirected to 0x4a2a6e0 (_vgnU_ifunc_wrapper)
--12351-- REDIR: 0x5123be0 (libc.so.6:memchr) redirected to 0x4a2a6e0 (_vgnU_ifunc_wrapper)
--12351-- REDIR: 0x5141eb0 (libc.so.6:wcslen) redirected to 0x4a2a6e0 (_vgnU_ifunc_wrapper)
--12351-- REDIR: 0x5123050 (libc.so.6:strspn) redirected to 0x4a2a6e0 (_vgnU_ifunc_wrapper)
--12351-- REDIR: 0x5123f20 (libc.so.6:stpncpy) redirected to 0x4a2a6e0 (_vgnU_ifunc_wrapper)
--12351-- REDIR: 0x5123ef0 (libc.so.6:stpcpy) redirected to 0x4a2a6e0 (_vgnU_ifunc_wrapper)
--12351-- REDIR: 0x51257f0 (libc.so.6:strchrnul) redirected to 0x4a2a6e0 (_vgnU_ifunc_wrapper)
--12351-- REDIR: 0x5124040 (libc.so.6:strncasecmp_l) redirected to 0x4a2a6e0 (_vgnU_ifunc_wrapper)
--12351-- REDIR: 0x5122cd0 (libc.so.6:strncat) redirected to 0x4a2a6e0 (_vgnU_ifunc_wrapper)
--12351-- REDIR: 0x51b68a0 (libc.so.6:__memcpy_chk) redirected to 0x4a2a6e0 (_vgnU_ifunc_wrapper)
--12351-- REDIR: 0x5123b20 (libc.so.6:strstr) redirected to 0x4a2a6e0 (_vgnU_ifunc_wrapper)
--12351-- REDIR: 0x5136330 (libc.so.6:__strrchr_sse2) redirected to 0x4c32790 (__strrchr_sse2)
--12351-- REDIR: 0x5140870 (libc.so.6:__memset_sse2_unaligned) redirected to 0x4c365d0 (memset)
--12351-- REDIR: 0x5136620 (libc.so.6:__strlen_sse2) redirected to 0x4c32d30 (__strlen_sse2)
--12351-- REDIR: 0x50c7cb0 (libc.so.6:unsetenv) redirected to 0x4c37d40 (unsetenv)
--12351-- REDIR: 0x5135f00 (libc.so.6:__strchr_sse2) redirected to 0x4c328d0 (__strchr_sse2)
--12351-- REDIR: 0x520a510 (libc.so.6:__strncmp_sse42) redirected to 0x4c33570 (__strncmp_sse42)
--12351-- REDIR: 0x511c070 (libc.so.6:malloc) redirected to 0x4c2faa0 (malloc)
--12351-- REDIR: 0x5123590 (libc.so.6:__GI_strstr) redirected to 0x4c37760 (__strstr_sse2)
--12351-- REDIR: 0x5130970 (libc.so.6:__memchr_sse2) redirected to 0x4c33f80 (memchr)
--12351-- REDIR: 0x5140460 (libc.so.6:memcpy@GLIBC_2.2.5) redirected to 0x4c34060 (memcpy@GLIBC_2.2.5)
--12351-- REDIR: 0x5136120 (libc.so.6:__strchrnul_sse2) redirected to 0x4c37020 (strchrnul)
--12351-- REDIR: 0x5140440 (libc.so.6:__mempcpy_sse2_unaligned) redirected to 0x4c37130 (mempcpy)
--12351-- REDIR: 0x52115f0 (libc.so.6:__strncasecmp_avx) redirected to 0x4c336d0 (strncasecmp)
--12351-- REDIR: 0x511c950 (libc.so.6:free) redirected to 0x4c30cd0 (free)
--12351-- REDIR: 0x512ee70 (libc.so.6:__strcmp_sse2_unaligned) redirected to 0x4c33da0 (strcmp)
--12351-- REDIR: 0x513cb50 (libc.so.6:__stpcpy_sse2_unaligned) redirected to 0x4c36200 (__stpcpy_sse2_unaligned)
--12351-- REDIR: 0x511f030 (libc.so.6:calloc) redirected to 0x4c31a70 (calloc)
--12351-- Reading syms from /lib/x86_64-linux-gnu/libnss_compat-2.27.so
--12351--   Considering /lib/x86_64-linux-gnu/libnss_compat-2.27.so ..
--12351--   .. CRC mismatch (computed afe25112 wanted 3a92b55b)
--12351--   Considering /usr/lib/debug/lib/x86_64-linux-gnu/libnss_compat-2.27.so ..
--12351--   .. CRC is valid
--12351-- REDIR: 0x513b540 (libc.so.6:__strcpy_sse2_unaligned) redirected to 0x4c32dd0 (strcpy)
--12351-- Reading syms from /lib/x86_64-linux-gnu/libnss_nis-2.27.so
--12351--   Considering /lib/x86_64-linux-gnu/libnss_nis-2.27.so ..
--12351--   .. CRC mismatch (computed 310534dc wanted 22d60ee8)
--12351--   Considering /usr/lib/debug/lib/x86_64-linux-gnu/libnss_nis-2.27.so ..
--12351--   .. CRC is valid
--12351-- Reading syms from /lib/x86_64-linux-gnu/libnsl-2.27.so
--12351--   Considering /lib/x86_64-linux-gnu/libnsl-2.27.so ..
--12351--   .. CRC mismatch (computed 5dfb2e24 wanted a9b787f5)
--12351--   Considering /usr/lib/debug/lib/x86_64-linux-gnu/libnsl-2.27.so ..
--12351--   .. CRC is valid
--12351-- Reading syms from /lib/x86_64-linux-gnu/libnss_files-2.27.so
--12351--   Considering /lib/x86_64-linux-gnu/libnss_files-2.27.so ..
--12351--   .. CRC mismatch (computed 5cdb0f74 wanted 1b4e69e7)
--12351--   Considering /usr/lib/debug/lib/x86_64-linux-gnu/libnss_files-2.27.so ..
--12351--   .. CRC is valid
--12351-- REDIR: 0x51367c0 (libc.so.6:__strnlen_sse2) redirected to 0x4c32c90 (strnlen)
--12351-- REDIR: 0x5140450 (libc.so.6:__memcpy_chk_sse2_unaligned) redirected to 0x4c375e0 (__memcpy_chk)
--12351-- REDIR: 0x511dc30 (libc.so.6:realloc) redirected to 0x4c31cb0 (realloc)
--12351-- REDIR: 0x513bb70 (libc.so.6:__strncpy_sse2_unaligned) redirected to 0x4c332e0 (__strncpy_sse2_unaligned)
--12351-- REDIR: 0x50c7c50 (libc.so.6:setenv) redirected to 0x4c37de0 (setenv)
--12351-- REDIR: 0x520ff80 (libc.so.6:__strcasecmp_avx) redirected to 0x4c335f0 (strcasecmp)
--12351-- REDIR: 0x5214fc0 (libc.so.6:__memcmp_sse4_1) redirected to 0x4c35d50 (__memcmp_sse4_1)
--12351-- REDIR: 0x520f300 (libc.so.6:__strspn_sse42) redirected to 0x4c37990 (strspn)
--12351-- REDIR: 0x520f070 (libc.so.6:__strcspn_sse42) redirected to 0x4c378d0 (strcspn)
simplesh.c: no se encontró el comando 'fdjañ'
simplesh.c: no se encontró el comando 'ñdfasj'
simplesh.c: no se encontró el comando 'quit'
--12351-- Discarding syms at 0x5aa12a0-0x5aa71c4 in /lib/x86_64-linux-gnu/libnss_compat-2.27.so due to munmap()
--12351-- Discarding syms at 0x5cac070-0x5cb30d9 in /lib/x86_64-linux-gnu/libnss_nis-2.27.so due to munmap()
--12351-- Discarding syms at 0x5eba090-0x5ec7807 in /lib/x86_64-linux-gnu/libnsl-2.27.so due to munmap()
--12351-- Discarding syms at 0x60d2350-0x60d8d7f in /lib/x86_64-linux-gnu/libnss_files-2.27.so due to munmap()
==12351== 
==12351== HEAP SUMMARY:
==12351==     in use at exit: 134,633 bytes in 197 blocks
==12351==   total heap usage: 392 allocs, 195 frees, 174,259 bytes allocated
==12351== 
==12351== Searching for pointers to 197 not-freed blocks
==12351== Checked 174,712 bytes
==12351== 
==12351== 272 bytes in 1 blocks are still reachable in loss record 22 of 47
==12351==    at 0x4C2FB0F: malloc (in /usr/lib/valgrind/vgpreload_memcheck-amd64-linux.so)
==12351==    by 0x10990F: execcmd (simplesh.c:240)
==12351==    by 0x10A16E: parse_exec (simplesh.c:590)
==12351==    by 0x10A04D: parse_pipe (simplesh.c:551)
==12351==    by 0x109EF1: parse_line (simplesh.c:511)
==12351==    by 0x109E48: parse_cmd (simplesh.c:484)
==12351==    by 0x10AF1B: exec_src_cmd (simplesh.c:979)
==12351==    by 0x10B229: parse_source (simplesh.c:1066)
==12351==    by 0x10B484: run_src (simplesh.c:1121)
==12351==    by 0x10B82C: checkCommand (simplesh.c:1215)
==12351==    by 0x10BAA0: run_cmd (simplesh.c:1315)
==12351==    by 0x10CFED: main (simplesh.c:1722)
==12351== 
==12351== LEAK SUMMARY:
==12351==    definitely lost: 0 bytes in 0 blocks
==12351==    indirectly lost: 0 bytes in 0 blocks
==12351==      possibly lost: 0 bytes in 0 blocks
==12351==    still reachable: 272 bytes in 1 blocks
==12351==         suppressed: 134,361 bytes in 196 blocks
==12351== 
==12351== ERROR SUMMARY: 0 errors from 0 contexts (suppressed: 0 from 0)
--12351-- 
--12351-- used_suppression:     46 libreadline libreadline.supp:2 suppressed: 134,361 bytes in 196 blocks
==12351== 
==12351== ERROR SUMMARY: 0 errors from 0 contexts (suppressed: 0 from 0)
